This file contains any messages produced by compilers while
running configure, to aid debugging if configure makes a mistake.

It was created by configure, which was
generated by GNU Autoconf 2.57.  Invocation command line was

  $ ./configure 

## --------- ##
## Platform. ##
## --------- ##

hostname = ubuntu
uname -m = i686
uname -r = 3.0.0-12-generic
uname -s = Linux
uname -v = #20-Ubuntu SMP Fri Oct 7 14:50:42 UTC 2011

/usr/bin/uname -p = unknown
/bin/uname -X     = unknown

/bin/arch              = i686
/usr/bin/arch -k       = unknown
/usr/convex/getsysinfo = unknown
hostinfo               = unknown
/bin/machine           = unknown
/usr/bin/oslevel       = unknown
/bin/universe          = unknown

PATH: /usr/local/sbin
PATH: /usr/local/bin
PATH: /usr/sbin
PATH: /usr/bin
PATH: /sbin
PATH: /bin
PATH: /usr/X11R6/bin


## ----------- ##
## Core tests. ##
## ----------- ##

configure:1565: checking for a BSD-compatible install
configure:1619: result: /usr/bin/install -c
configure:1630: checking whether build environment is sane
configure:1673: result: yes
configure:1698: WARNING: `missing' script is too old or missing
configure:1706: checking for gawk
configure:1735: result: no
configure:1706: checking for mawk
configure:1722: found /usr/bin/mawk
configure:1732: result: mawk
configure:1742: checking whether make sets $(MAKE)
configure:1762: result: yes
configure:2021: checking build system type
configure:2039: result: i686-pc-linux-gnu
configure:2047: checking host system type
configure:2061: result: i686-pc-linux-gnu
configure:2081: checking for style of include used by make
configure:2109: result: GNU
configure:2180: checking for gcc
configure:2196: found /usr/bin/gcc
configure:2206: result: gcc
configure:2450: checking for C compiler version
configure:2453: gcc --version </dev/null >&5
gcc (GCC) 3.4.4 20050314 (prerelease) (Debian 3.4.3-13)
Copyright (C) 2004 Free Software Foundation, Inc.
This is free software; see the source for copying conditions.  There is NO
warranty; not even for MERCHANTABILITY or FITNESS FOR A PARTICULAR PURPOSE.

configure:2456: $? = 0
configure:2458: gcc -v </dev/null >&5
Reading specs from /usr/lib/gcc/i486-linux/3.4.4/specs
Configured with: ../src/configure -v --enable-languages=c,c++,java,f77,pascal,objc,ada,treelang --prefix=/usr --libexecdir=/usr/lib --with-gxx-include-dir=/usr/include/c++/3.4 --enable-shared --with-system-zlib --enable-nls --without-included-gettext --program-suffix=-3.4 --enable-__cxa_atexit --enable-libstdcxx-allocator=mt --enable-clocale=gnu --enable-libstdcxx-debug --enable-java-gc=boehm --enable-java-awt=gtk --disable-werror i486-linux
Thread model: posix
gcc version 3.4.4 20050314 (prerelease) (Debian 3.4.3-13)
configure:2461: $? = 0
configure:2463: gcc -V </dev/null >&5
gcc: `-V' option must have argument
configure:2466: $? = 1
configure:2490: checking for C compiler default output
configure:2493: gcc    conftest.c  >&5
configure:2496: $? = 0
configure:2542: result: a.out
configure:2547: checking whether the C compiler works
configure:2553: ./a.out
configure:2556: $? = 0
configure:2573: result: yes
configure:2580: checking whether we are cross compiling
configure:2582: result: no
configure:2585: checking for suffix of executables
configure:2587: gcc -o conftest    conftest.c  >&5
configure:2590: $? = 0
configure:2615: result: 
configure:2621: checking for suffix of object files
configure:2643: gcc -c   conftest.c >&5
configure:2646: $? = 0
configure:2668: result: o
configure:2672: checking whether we are using the GNU C compiler
configure:2697: gcc -c   conftest.c >&5
configure:2700: $? = 0
configure:2703: test -s conftest.o
configure:2706: $? = 0
configure:2719: result: yes
configure:2725: checking whether gcc accepts -g
configure:2747: gcc -c -g  conftest.c >&5
configure:2750: $? = 0
configure:2753: test -s conftest.o
configure:2756: $? = 0
configure:2767: result: yes
configure:2784: checking for gcc option to accept ANSI C
configure:2845: gcc  -c -g -O2  conftest.c >&5
configure:2848: $? = 0
configure:2851: test -s conftest.o
configure:2854: $? = 0
configure:2872: result: none needed
configure:2890: gcc -c -g -O2  conftest.c >&5
conftest.c:2: error: parse error before "me"
configure:2893: $? = 1
configure: failed program was:
| #ifndef __cplusplus
|   choke me
| #endif
configure:3004: checking dependency style of gcc
configure:3087: result: gcc3
configure:3104: checking for a sed that does not truncate output
configure:3158: result: /bin/sed
configure:3161: checking for egrep
configure:3171: result: grep -E
configure:3187: checking for ld used by gcc
configure:3254: result: /usr/bin/ld
configure:3263: checking if the linker (/usr/bin/ld) is GNU ld
configure:3278: result: yes
configure:3283: checking for /usr/bin/ld option to reload object files
configure:3290: result: -r
configure:3299: checking for BSD-compatible nm
configure:3341: result: /usr/bin/nm -B
configure:3345: checking whether ln -s works
configure:3349: result: yes
configure:3356: checking how to recognise dependent libraries
configure:3556: result: pass_all
configure:3760: checking how to run the C preprocessor
configure:3796: gcc -E  conftest.c
configure:3802: $? = 0
configure:3834: gcc -E  conftest.c
configure:3838:28: ac_nonexistent.h: No such file or directory
configure:3840: $? = 1
configure: failed program was:
| #line 3825 "configure"
| /* confdefs.h.  */
| 
| #define PACKAGE_NAME ""
| #define PACKAGE_TARNAME ""
| #define PACKAGE_VERSION ""
| #define PACKAGE_STRING ""
| #define PACKAGE_BUGREPORT ""
| #define LIBUSB_MAJOR_VERSION 0
| #define LIBUSB_MINOR_VERSION 1
| #define LIBUSB_MICRO_VERSION 8
| #define LIBUSB_INTERFACE_AGE 0
| #define LIBUSB_BINARY_AGE 4
| /* end confdefs.h.  */
| #include <ac_nonexistent.h>
configure:3878: result: gcc -E
configure:3903: gcc -E  conftest.c
configure:3909: $? = 0
configure:3941: gcc -E  conftest.c
configure:3945:28: ac_nonexistent.h: No such file or directory
configure:3947: $? = 1
configure: failed program was:
| #line 3932 "configure"
| /* confdefs.h.  */
| 
| #define PACKAGE_NAME ""
| #define PACKAGE_TARNAME ""
| #define PACKAGE_VERSION ""
| #define PACKAGE_STRING ""
| #define PACKAGE_BUGREPORT ""
| #define LIBUSB_MAJOR_VERSION 0
| #define LIBUSB_MINOR_VERSION 1
| #define LIBUSB_MICRO_VERSION 8
| #define LIBUSB_INTERFACE_AGE 0
| #define LIBUSB_BINARY_AGE 4
| /* end confdefs.h.  */
| #include <ac_nonexistent.h>
configure:3990: checking for ANSI C header files
configure:4016: gcc -c -g -O2  conftest.c >&5
configure:4019: $? = 0
configure:4022: test -s conftest.o
configure:4025: $? = 0
configure:4114: gcc -o conftest -g -O2   conftest.c  >&5
configure:4117: $? = 0
configure:4119: ./conftest
configure:4122: $? = 0
configure:4137: result: yes
configure:4161: checking for sys/types.h
configure:4178: gcc -c -g -O2  conftest.c >&5
configure:4181: $? = 0
configure:4184: test -s conftest.o
configure:4187: $? = 0
configure:4198: result: yes
configure:4161: checking for sys/stat.h
configure:4178: gcc -c -g -O2  conftest.c >&5
configure:4181: $? = 0
configure:4184: test -s conftest.o
configure:4187: $? = 0
configure:4198: result: yes
configure:4161: checking for stdlib.h
configure:4178: gcc -c -g -O2  conftest.c >&5
configure:4181: $? = 0
configure:4184: test -s conftest.o
configure:4187: $? = 0
configure:4198: result: yes
configure:4161: checking for string.h
configure:4178: gcc -c -g -O2  conftest.c >&5
configure:4181: $? = 0
configure:4184: test -s conftest.o
configure:4187: $? = 0
configure:4198: result: yes
configure:4161: checking for memory.h
configure:4178: gcc -c -g -O2  conftest.c >&5
configure:4181: $? = 0
configure:4184: test -s conftest.o
configure:4187: $? = 0
configure:4198: result: yes
configure:4161: checking for strings.h
configure:4178: gcc -c -g -O2  conftest.c >&5
configure:4181: $? = 0
configure:4184: test -s conftest.o
configure:4187: $? = 0
configure:4198: result: yes
configure:4161: checking for inttypes.h
configure:4178: gcc -c -g -O2  conftest.c >&5
configure:4181: $? = 0
configure:4184: test -s conftest.o
configure:4187: $? = 0
configure:4198: result: yes
configure:4161: checking for stdint.h
configure:4178: gcc -c -g -O2  conftest.c >&5
configure:4181: $? = 0
configure:4184: test -s conftest.o
configure:4187: $? = 0
configure:4198: result: yes
configure:4161: checking for unistd.h
configure:4178: gcc -c -g -O2  conftest.c >&5
configure:4181: $? = 0
configure:4184: test -s conftest.o
configure:4187: $? = 0
configure:4198: result: yes
configure:4224: checking dlfcn.h usability
configure:4237: gcc -c -g -O2  conftest.c >&5
configure:4240: $? = 0
configure:4243: test -s conftest.o
configure:4246: $? = 0
configure:4256: result: yes
configure:4260: checking dlfcn.h presence
configure:4271: gcc -E  conftest.c
configure:4277: $? = 0
configure:4296: result: yes
configure:4332: checking for dlfcn.h
configure:4339: result: yes
configure:4404: checking for g++
configure:4420: found /usr/bin/g++
configure:4430: result: g++
configure:4446: checking for C++ compiler version
configure:4449: g++ --version </dev/null >&5
g++ (GCC) 3.4.4 20050314 (prerelease) (Debian 3.4.3-13)
Copyright (C) 2004 Free Software Foundation, Inc.
This is free software; see the source for copying conditions.  There is NO
warranty; not even for MERCHANTABILITY or FITNESS FOR A PARTICULAR PURPOSE.

configure:4452: $? = 0
configure:4454: g++ -v </dev/null >&5
Reading specs from /usr/lib/gcc/i486-linux/3.4.4/specs
Configured with: ../src/configure -v --enable-languages=c,c++,java,f77,pascal,objc,ada,treelang --prefix=/usr --libexecdir=/usr/lib --with-gxx-include-dir=/usr/include/c++/3.4 --enable-shared --with-system-zlib --enable-nls --without-included-gettext --program-suffix=-3.4 --enable-__cxa_atexit --enable-libstdcxx-allocator=mt --enable-clocale=gnu --enable-libstdcxx-debug --enable-java-gc=boehm --enable-java-awt=gtk --disable-werror i486-linux
Thread model: posix
gcc version 3.4.4 20050314 (prerelease) (Debian 3.4.3-13)
configure:4457: $? = 0
configure:4459: g++ -V </dev/null >&5
g++: `-V' option must have argument
configure:4462: $? = 1
configure:4465: checking whether we are using the GNU C++ compiler
configure:4490: g++ -c   conftest.cc >&5
configure:4493: $? = 0
configure:4496: test -s conftest.o
configure:4499: $? = 0
configure:4512: result: yes
configure:4518: checking whether g++ accepts -g
configure:4540: g++ -c -g  conftest.cc >&5
configure:4543: $? = 0
configure:4546: test -s conftest.o
configure:4549: $? = 0
configure:4560: result: yes
configure:4604: g++ -c -g -O2  conftest.cc >&5
configure:4607: $? = 0
configure:4610: test -s conftest.o
configure:4613: $? = 0
configure:4640: g++ -c -g -O2  conftest.cc >&5
configure: In function `int main()':
configure:4651: error: `exit' undeclared (first use this function)
configure:4651: error: (Each undeclared identifier is reported only once for each function it appears in.)
configure:4643: $? = 1
configure: failed program was:
| #line 4623 "configure"
| /* confdefs.h.  */
| 
| #define PACKAGE_NAME ""
| #define PACKAGE_TARNAME ""
| #define PACKAGE_VERSION ""
| #define PACKAGE_STRING ""
| #define PACKAGE_BUGREPORT ""
| #define LIBUSB_MAJOR_VERSION 0
| #define LIBUSB_MINOR_VERSION 1
| #define LIBUSB_MICRO_VERSION 8
| #define LIBUSB_INTERFACE_AGE 0
| #define LIBUSB_BINARY_AGE 4
| #define STDC_HEADERS 1
| #define HAVE_SYS_TYPES_H 1
| #define HAVE_SYS_STAT_H 1
| #define HAVE_STDLIB_H 1
| #define HAVE_STRING_H 1
| #define HAVE_MEMORY_H 1
| #define HAVE_STRINGS_H 1
| #define HAVE_INTTYPES_H 1
| #define HAVE_STDINT_H 1
| #define HAVE_UNISTD_H 1
| #define HAVE_DLFCN_H 1
| /* end confdefs.h.  */
| 
| int
| main ()
| {
| exit (42);
|   ;
|   return 0;
| }
configure:4604: g++ -c -g -O2  conftest.cc >&5
configure:4607: $? = 0
configure:4610: test -s conftest.o
configure:4613: $? = 0
configure:4640: g++ -c -g -O2  conftest.cc >&5
configure:4643: $? = 0
configure:4646: test -s conftest.o
configure:4649: $? = 0
configure:4674: checking dependency style of g++
configure:4757: result: gcc3
configure:4779: checking how to run the C++ preprocessor
configure:4811: g++ -E  conftest.cc
configure:4817: $? = 0
configure:4849: g++ -E  conftest.cc
configure:4867:28: ac_nonexistent.h: No such file or directory
configure:4855: $? = 1
configure: failed program was:
| #line 4840 "configure"
| /* confdefs.h.  */
| 
| #define PACKAGE_NAME ""
| #define PACKAGE_TARNAME ""
| #define PACKAGE_VERSION ""
| #define PACKAGE_STRING ""
| #define PACKAGE_BUGREPORT ""
| #define LIBUSB_MAJOR_VERSION 0
| #define LIBUSB_MINOR_VERSION 1
| #define LIBUSB_MICRO_VERSION 8
| #define LIBUSB_INTERFACE_AGE 0
| #define LIBUSB_BINARY_AGE 4
| #define STDC_HEADERS 1
| #define HAVE_SYS_TYPES_H 1
| #define HAVE_SYS_STAT_H 1
| #define HAVE_STDLIB_H 1
| #define HAVE_STRING_H 1
| #define HAVE_MEMORY_H 1
| #define HAVE_STRINGS_H 1
| #define HAVE_INTTYPES_H 1
| #define HAVE_STDINT_H 1
| #define HAVE_UNISTD_H 1
| #define HAVE_DLFCN_H 1
| #ifdef __cplusplus
| #include <stdlib.h>
| #endif
| /* end confdefs.h.  */
| #include <ac_nonexistent.h>
configure:4893: result: g++ -E
configure:4918: g++ -E  conftest.cc
configure:4924: $? = 0
configure:4956: g++ -E  conftest.cc
configure:4974:28: ac_nonexistent.h: No such file or directory
configure:4962: $? = 1
configure: failed program was:
| #line 4947 "configure"
| /* confdefs.h.  */
| 
| #define PACKAGE_NAME ""
| #define PACKAGE_TARNAME ""
| #define PACKAGE_VERSION ""
| #define PACKAGE_STRING ""
| #define PACKAGE_BUGREPORT ""
| #define LIBUSB_MAJOR_VERSION 0
| #define LIBUSB_MINOR_VERSION 1
| #define LIBUSB_MICRO_VERSION 8
| #define LIBUSB_INTERFACE_AGE 0
| #define LIBUSB_BINARY_AGE 4
| #define STDC_HEADERS 1
| #define HAVE_SYS_TYPES_H 1
| #define HAVE_SYS_STAT_H 1
| #define HAVE_STDLIB_H 1
| #define HAVE_STRING_H 1
| #define HAVE_MEMORY_H 1
| #define HAVE_STRINGS_H 1
| #define HAVE_INTTYPES_H 1
| #define HAVE_STDINT_H 1
| #define HAVE_UNISTD_H 1
| #define HAVE_DLFCN_H 1
| #ifdef __cplusplus
| #include <stdlib.h>
| #endif
| /* end confdefs.h.  */
| #include <ac_nonexistent.h>
configure:5056: checking for g77
configure:5085: result: no
configure:5056: checking for f77
configure:5085: result: no
configure:5056: checking for xlf
configure:5085: result: no
configure:5056: checking for frt
configure:5085: result: no
configure:5056: checking for pgf77
configure:5085: result: no
configure:5056: checking for fl32
configure:5085: result: no
configure:5056: checking for af77
configure:5085: result: no
configure:5056: checking for fort77
configure:5085: result: no
configure:5056: checking for f90
configure:5085: result: no
configure:5056: checking for xlf90
configure:5085: result: no
configure:5056: checking for pgf90
configure:5085: result: no
configure:5056: checking for epcf90
configure:5085: result: no
configure:5056: checking for f95
configure:5085: result: no
configure:5056: checking for fort
configure:5085: result: no
configure:5056: checking for xlf95
configure:5085: result: no
configure:5056: checking for lf95
configure:5085: result: no
configure:5056: checking for g95
configure:5085: result: no
configure:5100: checking for Fortran 77 compiler version
configure:5100:  --version </dev/null >&5
./configure: line 1: --version: command not found
configure:5103: $? = 127
configure:5105:  -v </dev/null >&5
./configure: line 1: -v: command not found
configure:5108: $? = 127
configure:5110:  -V </dev/null >&5
./configure: line 1: -V: command not found
configure:5113: $? = 127
configure:5120: checking whether we are using the GNU Fortran 77 compiler
configure:5134:  -c  conftest.F >&5
./configure: line 1: -c: command not found
configure:5137: $? = 127
configure: failed program was:
|       program main
| #ifndef __GNUC__
|        choke me
| #endif
| 
|       end
configure:5156: result: no
configure:5163: checking whether  accepts -g
configure:5175:  -c -g conftest.f >&5
./configure: line 1: -c: command not found
configure:5178: $? = 127
configure: failed program was:
|       program main
| 
|       end
configure:5196: result: no
configure:5224: checking the maximum length of command line arguments
configure:5283: result: 32768
configure:5294: checking command to parse /usr/bin/nm -B output from gcc object
configure:5383: gcc -c -g -O2  conftest.c >&5
configure:5386: $? = 0
configure:5390: /usr/bin/nm -B conftest.o \| sed -n -e 's/^.*[ 	]\([ABCDGIRSTW][ABCDGIRSTW]*\)[ 	][ 	]*\(\)\([_A-Za-z][_A-Za-z0-9]*\)$/\1 \2\3 \3/p' \> conftest.nm
configure:5393: $? = 0
configure:5445: gcc -o conftest -g -O2   conftest.c conftstm.o >&5
configure:5448: $? = 0
configure:5486: result: ok
configure:5490: checking for objdir
configure:5505: result: .libs
configure:5595: checking for ar
configure:5611: found /usr/bin/ar
configure:5622: result: ar
configure:5675: checking for ranlib
configure:5691: found /usr/bin/ranlib
configure:5702: result: ranlib
configure:5755: checking for strip
configure:5771: found /usr/bin/strip
configure:5782: result: strip
configure:6044: checking if gcc static flag  works
configure:6067: result: yes
configure:6084: checking if gcc supports -fno-rtti -fno-exceptions
configure:6105: gcc -c -g -O2  -fno-rtti -fno-exceptions conftest.c >&5
cc1: warning: command line option "-fno-rtti" is valid for C++/ObjC++ but not for C
configure:6109: $? = 0
configure:6117: result: no
configure:6132: checking for gcc option to produce PIC
configure:6309: result: -fPIC
configure:6316: checking if gcc PIC flag -fPIC works
configure:6337: gcc -c -g -O2  -fPIC -DPIC conftest.c >&5
configure:6341: $? = 0
configure:6349: result: yes
configure:6373: checking if gcc supports -c -o file.o
configure:6404: gcc -c -g -O2  -o out/conftest2.o conftest.c >&5
configure:6408: $? = 0
configure:6422: result: yes
configure:6448: checking whether the gcc linker (/usr/bin/ld) supports shared libraries
configure:7267: result: yes
configure:7293: checking whether -lc should be explicitly linked in
configure:7298: gcc -c -g -O2  conftest.c >&5
configure:7301: $? = 0
configure:7315: gcc -shared conftest.o  -v -Wl,-soname -Wl,conftest -o conftest 2\>\&1 \| grep  -lc  \>/dev/null 2\>\&1
configure:7318: $? = 0
configure:7330: result: no
configure:7338: checking how to hardcode library paths into programs
configure:7363: result: immediate
configure:7377: checking whether stripping libraries is possible
configure:7382: result: yes
configure:7404: checking dynamic linker characteristics
configure:7939: result: GNU/Linux ld.so
configure:8665: checking if libtool supports shared libraries
configure:8667: result: yes
configure:8670: checking whether to build shared libraries
configure:8719: result: yes
configure:8722: checking whether to build static libraries
configure:8726: result: yes
configure:8817: creating libtool
configure:9361: checking for ld used by g++
configure:9428: result: /usr/bin/ld
configure:9437: checking if the linker (/usr/bin/ld) is GNU ld
configure:9452: result: yes
configure:9503: checking whether the g++ linker (/usr/bin/ld) supports shared libraries
configure:10298: result: yes
configure:10316: g++ -c -g -O2  conftest.cc >&5
configure:10319: $? = 0
configure:10415: checking for g++ option to produce PIC
configure:10667: result: -fPIC
configure:10674: checking if g++ PIC flag -fPIC works
configure:10695: g++ -c -g -O2  -fPIC -DPIC conftest.cc >&5
configure:10699: $? = 0
configure:10707: result: yes
configure:10731: checking if g++ supports -c -o file.o
configure:10762: g++ -c -g -O2  -o out/conftest2.o conftest.cc >&5
configure:10766: $? = 0
configure:10780: result: yes
configure:10806: checking whether the g++ linker (/usr/bin/ld) supports shared libraries
configure:10831: result: yes
configure:10902: checking how to hardcode library paths into programs
configure:10927: result: immediate
configure:10941: checking whether stripping libraries is possible
configure:10946: result: yes
configure:10968: checking dynamic linker characteristics
configure:11503: result: GNU/Linux ld.so
configure:18467: checking whether to enable maintainer-specific portions of Makefiles
configure:18476: result: no
configure:18497: checking for what USB OS support
configure:18515: result: Linux
configure:18663: checking for gcc
configure:18689: result: gcc
configure:18933: checking for C compiler version
configure:18936: gcc --version </dev/null >&5
gcc (GCC) 3.4.4 20050314 (prerelease) (Debian 3.4.3-13)
Copyright (C) 2004 Free Software Foundation, Inc.
This is free software; see the source for copying conditions.  There is NO
warranty; not even for MERCHANTABILITY or FITNESS FOR A PARTICULAR PURPOSE.

configure:18939: $? = 0
configure:18941: gcc -v </dev/null >&5
Reading specs from /usr/lib/gcc/i486-linux/3.4.4/specs
Configured with: ../src/configure -v --enable-languages=c,c++,java,f77,pascal,objc,ada,treelang --prefix=/usr --libexecdir=/usr/lib --with-gxx-include-dir=/usr/include/c++/3.4 --enable-shared --with-system-zlib --enable-nls --without-included-gettext --program-suffix=-3.4 --enable-__cxa_atexit --enable-libstdcxx-allocator=mt --enable-clocale=gnu --enable-libstdcxx-debug --enable-java-gc=boehm --enable-java-awt=gtk --disable-werror i486-linux
Thread model: posix
gcc version 3.4.4 20050314 (prerelease) (Debian 3.4.3-13)
configure:18944: $? = 0
configure:18946: gcc -V </dev/null >&5
gcc: `-V' option must have argument
configure:18949: $? = 1
configure:18952: checking whether we are using the GNU C compiler
configure:18999: result: yes
configure:19005: checking whether gcc accepts -g
configure:19047: result: yes
configure:19064: checking for gcc option to accept ANSI C
configure:19152: result: none needed
configure:19170: gcc -c -g -O2 -g  conftest.c >&5
conftest.c:2: error: parse error before "me"
configure:19173: $? = 1
configure: failed program was:
| #ifndef __cplusplus
|   choke me
| #endif
configure:19284: checking dependency style of gcc
configure:19367: result: gcc3
configure:19387: checking for gcc option to accept ANSI C
configure:19451: gcc  -c -g -O2 -g  conftest.c >&5
configure:19454: $? = 0
configure:19457: test -s conftest.o
configure:19460: $? = 0
configure:19475: result: none needed
configure:19498: checking for a BSD-compatible install
configure:19552: result: /usr/bin/install -c
configure:19572: checking for ANSI C header files
configure:19719: result: yes
configure:19735: checking for vprintf
configure:19785: gcc -o conftest -g -O2 -g -Wall   conftest.c  >&5
configure:19787: warning: conflicting types for built-in function 'vprintf'
configure:19788: $? = 0
configure:19791: test -s conftest
configure:19794: $? = 0
configure:19805: result: yes
configure:19812: checking for _doprnt
configure:19862: gcc -o conftest -g -O2 -g -Wall   conftest.c  >&5
/tmp/cceEYVep.o(.text+0x12): In function `main':
/libusb-0.1.8/configure:19881: undefined reference to `_doprnt'
/tmp/cceEYVep.o(.data+0x0):/libusb-0.1.8/configure:19880: undefined reference to `_doprnt'
collect2: ld returned 1 exit status
configure:19865: $? = 1
configure: failed program was:
| #line 19817 "configure"
| /* confdefs.h.  */
| 
| #define PACKAGE_NAME ""
| #define PACKAGE_TARNAME ""
| #define PACKAGE_VERSION ""
| #define PACKAGE_STRING ""
| #define PACKAGE_BUGREPORT ""
| #define LIBUSB_MAJOR_VERSION 0
| #define LIBUSB_MINOR_VERSION 1
| #define LIBUSB_MICRO_VERSION 8
| #define LIBUSB_INTERFACE_AGE 0
| #define LIBUSB_BINARY_AGE 4
| #define STDC_HEADERS 1
| #define HAVE_SYS_TYPES_H 1
| #define HAVE_SYS_STAT_H 1
| #define HAVE_STDLIB_H 1
| #define HAVE_STRING_H 1
| #define HAVE_MEMORY_H 1
| #define HAVE_STRINGS_H 1
| #define HAVE_INTTYPES_H 1
| #define HAVE_STDINT_H 1
| #define HAVE_UNISTD_H 1
| #define HAVE_DLFCN_H 1
| #ifdef __cplusplus
| #include <stdlib.h>
| #endif
| #define LINUX_API 1
| #define BSD_API 0
| #define DARWIN_API 0
| #define STDC_HEADERS 1
| #define HAVE_VPRINTF 1
| /* end confdefs.h.  */
| /* System header to define __stub macros and hopefully few prototypes,
|     which can conflict with char _doprnt (); below.
|     Prefer <limits.h> to <assert.h> if __STDC__ is defined, since
|     <limits.h> exists even on freestanding compilers.  */
| #ifdef __STDC__
| # include <limits.h>
| #else
| # include <assert.h>
| #endif
| /* Override any gcc2 internal prototype to avoid an error.  */
| #ifdef __cplusplus
| extern "C"
| {
| #endif
| /* We use char because int might match the return type of a gcc2
|    builtin and then its argument prototype would still apply.  */
| char _doprnt ();
| /* The GNU C library defines this for functions which it implements
|     to always fail with ENOSYS.  Some functions are actually named
|     something starting with __ and the normal name is an alias.  */
| #if defined (__stub__doprnt) || defined (__stub____doprnt)
| choke me
| #else
| char (*f) () = _doprnt;
| #endif
| #ifdef __cplusplus
| }
| #endif
| 
| int
| main ()
| {
| return f != _doprnt;
|   ;
|   return 0;
| }
configure:19882: result: no
configure:19897: checking for an ANSI C-conforming const
configure:19965: gcc -c -g -O2 -g -Wall  conftest.c >&5
configure: In function `main':
configure:19961: warning: unused variable `s'
configure:19981: warning: unused variable `foo'
configure:19942: warning: unused variable `x'
configure:19948: warning: unused variable `zero'
configure:19978: warning: 'b' might be used uninitialized in this function
configure:19960: warning: 't' might be used uninitialized in this function
configure:19968: $? = 0
configure:19971: test -s conftest.o
configure:19974: $? = 0
configure:19985: result: yes
configure:19996: checking whether byte ordering is bigendian
configure:20024: gcc -c -g -O2 -g -Wall  conftest.c >&5
configure:20027: $? = 0
configure:20030: test -s conftest.o
configure:20033: $? = 0
configure:20058: gcc -c -g -O2 -g -Wall  conftest.c >&5
configure: In function `main':
configure:20075: error: `not' undeclared (first use in this function)
configure:20075: error: (Each undeclared identifier is reported only once
configure:20075: error: for each function it appears in.)
configure:20075: error: parse error before "big"
configure:20061: $? = 1
configure: failed program was:
| #line 20036 "configure"
| /* confdefs.h.  */
| 
| #define PACKAGE_NAME ""
| #define PACKAGE_TARNAME ""
| #define PACKAGE_VERSION ""
| #define PACKAGE_STRING ""
| #define PACKAGE_BUGREPORT ""
| #define LIBUSB_MAJOR_VERSION 0
| #define LIBUSB_MINOR_VERSION 1
| #define LIBUSB_MICRO_VERSION 8
| #define LIBUSB_INTERFACE_AGE 0
| #define LIBUSB_BINARY_AGE 4
| #define STDC_HEADERS 1
| #define HAVE_SYS_TYPES_H 1
| #define HAVE_SYS_STAT_H 1
| #define HAVE_STDLIB_H 1
| #define HAVE_STRING_H 1
| #define HAVE_MEMORY_H 1
| #define HAVE_STRINGS_H 1
| #define HAVE_INTTYPES_H 1
| #define HAVE_STDINT_H 1
| #define HAVE_UNISTD_H 1
| #define HAVE_DLFCN_H 1
| #ifdef __cplusplus
| #include <stdlib.h>
| #endif
| #define LINUX_API 1
| #define BSD_API 0
| #define DARWIN_API 0
| #define STDC_HEADERS 1
| #define HAVE_VPRINTF 1
| /* end confdefs.h.  */
| #include <sys/types.h>
| #include <sys/param.h>
| 
| int
| main ()
| {
| #if BYTE_ORDER != BIG_ENDIAN
|  not big endian
| #endif
| 
|   ;
|   return 0;
| }
configure:20181: result: no
configure:20222: checking limits.h usability
configure:20235: gcc -c -g -O2 -g -Wall  conftest.c >&5
configure:20238: $? = 0
configure:20241: test -s conftest.o
configure:20244: $? = 0
configure:20254: result: yes
configure:20258: checking limits.h presence
configure:20269: gcc -E  conftest.c
configure:20275: $? = 0
configure:20294: result: yes
configure:20330: checking for limits.h
configure:20337: result: yes
configure:20358: checking for unistd.h
configure:20363: result: yes
configure:20512: checking values.h usability
configure:20525: gcc -c -g -O2 -g -Wall  conftest.c >&5
configure:20528: $? = 0
configure:20531: test -s conftest.o
configure:20534: $? = 0
configure:20544: result: yes
configure:20548: checking values.h presence
configure:20559: gcc -E  conftest.c
configure:20565: $? = 0
configure:20584: result: yes
configure:20620: checking for values.h
configure:20627: result: yes
configure:20649: checking for memmove
configure:20699: gcc -o conftest -g -O2 -g -Wall   conftest.c  >&5
configure:20708: warning: conflicting types for built-in function 'memmove'
configure:20702: $? = 0
configure:20705: test -s conftest
configure:20708: $? = 0
configure:20719: result: yes
configure:20782: checking if we should build the documentation
configure:20791: result: auto
configure:20797: checking for jade
configure:20826: result: no
configure:20833: checking for openjade
configure:20849: found /usr/bin/openjade
configure:20859: result: openjade
configure:21047: creating ./config.status

## ---------------------- ##
## Running config.status. ##
## ---------------------- ##

This file was extended by config.status, which was
generated by GNU Autoconf 2.57.  Invocation command line was

  CONFIG_FILES    = 
  CONFIG_HEADERS  = 
  CONFIG_LINKS    = 
  CONFIG_COMMANDS = 
  $ ./config.status 

on ubuntu

config.status:712: creating Makefile
config.status:712: creating doc/Makefile
config.status:712: creating libusb.spec
config.status:712: creating libusb-config
config.status:712: creating tests/Makefile
config.status:712: creating README
config.status:712: creating INSTALL.libusb
config.status:712: creating usb.h
config.status:816: creating config.h
config.status:947: config.h is unchanged
config.status:1069: executing depfiles commands
config.status:1069: executing default commands

## ---------------- ##
## Cache variables. ##
## ---------------- ##

ac_cv_build=i686-pc-linux-gnu
ac_cv_build_alias=i686-pc-linux-gnu
ac_cv_c_bigendian=no
ac_cv_c_compiler_gnu=yes
ac_cv_c_const=yes
ac_cv_cxx_compiler_gnu=yes
ac_cv_env_CC_set=
ac_cv_env_CC_value=
ac_cv_env_CFLAGS_set=
ac_cv_env_CFLAGS_value=
ac_cv_env_CPPFLAGS_set=
ac_cv_env_CPPFLAGS_value=
ac_cv_env_CPP_set=
ac_cv_env_CPP_value=
ac_cv_env_CXXCPP_set=
ac_cv_env_CXXCPP_value=
ac_cv_env_CXXFLAGS_set=
ac_cv_env_CXXFLAGS_value=
ac_cv_env_CXX_set=
ac_cv_env_CXX_value=
ac_cv_env_F77_set=
ac_cv_env_F77_value=
ac_cv_env_FFLAGS_set=
ac_cv_env_FFLAGS_value=
ac_cv_env_LDFLAGS_set=
ac_cv_env_LDFLAGS_value=
ac_cv_env_build_alias_set=
ac_cv_env_build_alias_value=
ac_cv_env_host_alias_set=
ac_cv_env_host_alias_value=
ac_cv_env_target_alias_set=
ac_cv_env_target_alias_value=
ac_cv_exeext=
ac_cv_f77_compiler_gnu=no
ac_cv_func__doprnt=no
ac_cv_func_memmove=yes
ac_cv_func_vprintf=yes
ac_cv_header_dlfcn_h=yes
ac_cv_header_inttypes_h=yes
ac_cv_header_limits_h=yes
ac_cv_header_memory_h=yes
ac_cv_header_stdc=yes
ac_cv_header_stdint_h=yes
ac_cv_header_stdlib_h=yes
ac_cv_header_string_h=yes
ac_cv_header_strings_h=yes
ac_cv_header_sys_stat_h=yes
ac_cv_header_sys_types_h=yes
ac_cv_header_unistd_h=yes
ac_cv_header_values_h=yes
ac_cv_host=i686-pc-linux-gnu
ac_cv_host_alias=i686-pc-linux-gnu
ac_cv_objext=o
ac_cv_path_install='/usr/bin/install -c'
ac_cv_prog_AWK=mawk
ac_cv_prog_CPP='gcc -E'
ac_cv_prog_CXXCPP='g++ -E'
ac_cv_prog_JADE=openjade
ac_cv_prog_ac_ct_AR=ar
ac_cv_prog_ac_ct_CC=gcc
ac_cv_prog_ac_ct_CXX=g++
ac_cv_prog_ac_ct_RANLIB=ranlib
ac_cv_prog_ac_ct_STRIP=strip
ac_cv_prog_cc_g=yes
ac_cv_prog_cc_stdc=
ac_cv_prog_cxx_g=yes
ac_cv_prog_egrep='grep -E'
ac_cv_prog_f77_g=no
ac_cv_prog_make_make_set=yes
am_cv_CC_dependencies_compiler_type=gcc3
am_cv_CXX_dependencies_compiler_type=gcc3
am_cv_prog_cc_stdc=
lt_cv_deplibs_check_method=pass_all
lt_cv_file_magic_cmd='$MAGIC_CMD'
lt_cv_file_magic_test_file='/lib/libc.so.6 /lib/libc-2.3.2.so'
lt_cv_ld_reload_flag=-r
lt_cv_objdir=.libs
lt_cv_path_LD=/usr/bin/ld
lt_cv_path_LDCXX=/usr/bin/ld
lt_cv_path_NM='/usr/bin/nm -B'
lt_cv_path_SED=/bin/sed
lt_cv_prog_compiler_c_o=yes
lt_cv_prog_compiler_c_o_CXX=yes
lt_cv_prog_compiler_rtti_exceptions=no
lt_cv_prog_gnu_ld=yes
lt_cv_prog_gnu_ldcxx=yes
lt_cv_sys_global_symbol_pipe='sed -n -e '\''s/^.*[ 	]\([ABCDGIRSTW][ABCDGIRSTW]*\)[ 	][ 	]*\(\)\([_A-Za-z][_A-Za-z0-9]*\)$/\1 \2\3 \3/p'\'''
lt_cv_sys_global_symbol_to_c_name_address='sed -n -e '\''s/^: \([^ ]*\) $/  {\"\1\", (lt_ptr) 0},/p'\'' -e '\''s/^[BCDEGRST] \([^ ]*\) \([^ ]*\)$/  {"\2", (lt_ptr) \&\2},/p'\'''
lt_cv_sys_global_symbol_to_cdecl='sed -n -e '\''s/^. .* \(.*\)$/extern int \1;/p'\'''
lt_cv_sys_max_cmd_len=32768
lt_lt_cv_prog_compiler_c_o='"yes"'
lt_lt_cv_prog_compiler_c_o_CXX='"yes"'
lt_lt_cv_sys_global_symbol_pipe='"sed -n -e '\''s/^.*[ 	]\\([ABCDGIRSTW][ABCDGIRSTW]*\\)[ 	][ 	]*\\(\\)\\([_A-Za-z][_A-Za-z0-9]*\\)\$/\\1 \\2\\3 \\3/p'\''"'
lt_lt_cv_sys_global_symbol_to_c_name_address='"sed -n -e '\''s/^: \\([^ ]*\\) \$/  {\\\"\\1\\\", (lt_ptr) 0},/p'\'' -e '\''s/^[BCDEGRST] \\([^ ]*\\) \\([^ ]*\\)\$/  {\"\\2\", (lt_ptr) \\&\\2},/p'\''"'
lt_lt_cv_sys_global_symbol_to_cdecl='"sed -n -e '\''s/^. .* \\(.*\\)\$/extern int \\1;/p'\''"'

## ----------------- ##
## Output variables. ##
## ----------------- ##

ACLOCAL='aclocal-1.7'
AMDEPBACKSLASH='\'
AMDEP_FALSE='#'
AMDEP_TRUE=''
AMTAR='tar'
AR='ar'
AUTOCONF='autoconf'
AUTOHEADER='autoheader'
AUTOMAKE='automake-1.7'
AWK='mawk'
BIGENDIAN='0'
BSD_API='0'
BSD_API_FALSE=''
BSD_API_TRUE='#'
BUILD_DOCS_FALSE='#'
BUILD_DOCS_TRUE=''
CC='gcc'
CCDEPMODE='depmode=gcc3'
CFLAGS='-g -O2 -g -Wall'
CPP='gcc -E'
CPPFLAGS=''
CXX='g++'
CXXCPP='g++ -E'
CXXDEPMODE='depmode=gcc3'
CXXFLAGS='-g -O2'
CYGPATH_W='echo'
DARWIN_API='0'
DARWIN_API_FALSE=''
DARWIN_API_TRUE='#'
DEFS='-DHAVE_CONFIG_H'
DEPDIR='.deps'
ECHO='echo'
ECHO_C=''
ECHO_N='-n'
ECHO_T=''
EGREP='grep -E'
EXEEXT=''
F77=''
FFLAGS=''
INSTALL_DATA='${INSTALL} -m 644'
INSTALL_PROGRAM='${INSTALL}'
INSTALL_SCRIPT='${INSTALL}'
INSTALL_STRIP_PROGRAM='${SHELL} $(install_sh) -c -s'
JADE='openjade'
LDFLAGS=''
LIBOBJS=''
LIBS=''
LIBTOOL='$(SHELL) $(top_builddir)/libtool'
LIBUSB_BINARY_AGE='4'
LIBUSB_INTERFACE_AGE='0'
LIBUSB_MAJOR_VERSION='0'
LIBUSB_MICRO_VERSION='8'
LIBUSB_MINOR_VERSION='1'
LIBUSB_VERSION='0.1.8'
LINUX_API='1'
LINUX_API_FALSE='#'
LINUX_API_TRUE=''
LN_S='ln -s'
LTLIBOBJS=''
LT_AGE='4'
LT_CURRENT='8'
LT_RELEASE='0.1'
LT_REVISION='0'
MAINT='#'
MAINTAINER_MODE_FALSE=''
MAINTAINER_MODE_TRUE='#'
MAKEINFO='makeinfo'
OBJEXT='o'
OSLIBS=''
PACKAGE='libusb'
PACKAGE_BUGREPORT=''
PACKAGE_NAME=''
PACKAGE_STRING=''
PACKAGE_TARNAME=''
PACKAGE_VERSION=''
PATH_SEPARATOR=':'
RANLIB='ranlib'
SET_MAKE=''
SHELL='/bin/sh'
STRIP='strip'
VERSION='0.1.8'
ac_ct_AR='ar'
ac_ct_CC='gcc'
ac_ct_CXX='g++'
ac_ct_F77=''
ac_ct_RANLIB='ranlib'
ac_ct_STRIP='strip'
am__fastdepCC_FALSE='#'
am__fastdepCC_TRUE=''
am__fastdepCXX_FALSE='#'
am__fastdepCXX_TRUE=''
am__include='include'
am__leading_dot='.'
am__quote=''
bindir='${exec_prefix}/bin'
build='i686-pc-linux-gnu'
build_alias=''
build_cpu='i686'
build_os='linux-gnu'
build_vendor='pc'
datadir='${prefix}/share'
exec_prefix='${prefix}'
host='i686-pc-linux-gnu'
host_alias=''
host_cpu='i686'
host_os='linux-gnu'
host_vendor='pc'
includedir='${prefix}/include'
infodir='${prefix}/info'
install_sh='/libusb-0.1.8/install-sh'
libdir='${exec_prefix}/lib'
libexecdir='${exec_prefix}/libexec'
localstatedir='${prefix}/var'
mandir='${prefix}/man'
oldincludedir='/usr/include'
prefix='/usr/local'
program_transform_name='s,x,x,'
sbindir='${exec_prefix}/sbin'
sharedstatedir='${prefix}/com'
sysconfdir='${prefix}/etc'
target_alias=''

## ----------- ##
## confdefs.h. ##
## ----------- ##

#define BSD_API 0
#define DARWIN_API 0
#define HAVE_DLFCN_H 1
#define HAVE_INTTYPES_H 1
#define HAVE_LIMITS_H 1
#define HAVE_LIMITS_H 1
#define HAVE_MEMMOVE 1
#define HAVE_MEMORY_H 1
#define HAVE_STDINT_H 1
#define HAVE_STDLIB_H 1
#define HAVE_STRINGS_H 1
#define HAVE_STRING_H 1
#define HAVE_SYS_STAT_H 1
#define HAVE_SYS_TYPES_H 1
#define HAVE_UNISTD_H 1
#define HAVE_UNISTD_H 1
#define HAVE_UNISTD_H 1
#define HAVE_VALUES_H 1
#define HAVE_VALUES_H 1
#define HAVE_VPRINTF 1
#define LIBUSB_BINARY_AGE 4
#define LIBUSB_INTERFACE_AGE 0
#define LIBUSB_MAJOR_VERSION 0
#define LIBUSB_MICRO_VERSION 8
#define LIBUSB_MINOR_VERSION 1
#define LINUX_API 1
#define PACKAGE_BUGREPORT ""
#define PACKAGE_NAME ""
#define PACKAGE_STRING ""
#define PACKAGE_TARNAME ""
#define PACKAGE_VERSION ""
#define STDC_HEADERS 1
#define STDC_HEADERS 1
#endif
#ifdef __cplusplus
#include <stdlib.h>

configure: exit 0
